<?xml version="1.0" encoding="UTF-8"?>
<!-- Generated by org.testng.reporters.JUnitXMLReporter -->
<testsuite ignored="0" hostname="DESKTOP-AT83ANU" failures="0" tests="3" name="Default test" time="25.222" errors="0" timestamp="2025-02-12T18:21:45 IST">
  <testcase classname="Com_Test_2.Base_2" name="Setup" time="24.907"/>
  <testcase classname="Com_Test_2.Base_2" name="TearDown" time="0.008"/>
  <testcase classname="Com_Test_2.TC_003" name="TC_003" time="0.217"/>
</testsuite> <!-- Default test -->
