<?xml version="1.0" encoding="UTF-8"?>
<testng-results ignored="0" total="3" passed="3" failed="0" skipped="0">
  <reporter-output>
  </reporter-output>
  <suite started-at="2025-02-12T17:54:04 IST" name="Default suite" finished-at="2025-02-12T17:54:23 IST" duration-ms="19103">
    <groups>
    </groups>
    <test started-at="2025-02-12T17:54:04 IST" name="Default test" finished-at="2025-02-12T17:54:23 IST" duration-ms="19103">
      <class name="Com_Test_2.TC_002">
        <test-method signature="Setup()[pri:0, instance:Com_Test_2.TC_002@799f10e1]" started-at="2025-02-12T17:54:04 IST" name="Setup" finished-at="2025-02-12T17:54:20 IST" duration-ms="15885" status="PASS">
          <reporter-output>
          </reporter-output>
        </test-method> <!-- Setup -->
        <test-method signature="TearDown()[pri:0, instance:Com_Test_2.TC_002@799f10e1]" started-at="2025-02-12T17:54:20 IST" name="TearDown" finished-at="2025-02-12T17:54:20 IST" duration-ms="6" status="PASS">
          <reporter-output>
          </reporter-output>
        </test-method> <!-- TearDown -->
        <test-method signature="TC_002()[pri:0, instance:Com_Test_2.TC_002@799f10e1]" started-at="2025-02-12T17:54:20 IST" name="TC_002" finished-at="2025-02-12T17:54:23 IST" duration-ms="3116" status="PASS">
          <reporter-output>
          </reporter-output>
        </test-method> <!-- TC_002 -->
      </class> <!-- Com_Test_2.TC_002 -->
    </test> <!-- Default test -->
  </suite> <!-- Default suite -->
</testng-results>
