<?xml version="1.0" encoding="UTF-8"?>
<testng-results ignored="0" total="1" passed="1" failed="0" skipped="0">
  <reporter-output>
  </reporter-output>
  <suite started-at="2025-02-14T09:41:19 IST" name="Default suite" finished-at="2025-02-14T09:42:12 IST" duration-ms="52517">
    <groups>
    </groups>
    <test started-at="2025-02-14T09:41:19 IST" name="Default test" finished-at="2025-02-14T09:42:12 IST" duration-ms="52517">
      <class name="Com_Test_2.WebElement_ACCESS">
        <test-method signature="Test()[pri:0, instance:Com_Test_2.WebElement_ACCESS@6f1de4c7]" started-at="2025-02-14T09:41:19 IST" name="Test" finished-at="2025-02-14T09:42:12 IST" duration-ms="52430" status="PASS">
          <reporter-output>
          </reporter-output>
        </test-method> <!-- Test -->
      </class> <!-- Com_Test_2.WebElement_ACCESS -->
    </test> <!-- Default test -->
  </suite> <!-- Default suite -->
</testng-results>
